<?xml version="1.0" encoding="UTF-8"?>
<!-- Generated by org.testng.reporters.JUnitReportReporter -->
<testsuite skipped="0" hostname="RAJESH-PC" name="com.vtiger.tests.LoginTest" tests="4" failures="0" timestamp="04 Aug 2019 10:06:52 GMT" time="3.155" errors="0">
  <testcase name="VerifyAppUrl_TC01" time="0.027" classname="com.vtiger.tests.LoginTest"/>
  <testcase name="VerifyvalidLogin_TC04" time="2.201" classname="com.vtiger.tests.LoginTest"/>
  <testcase name="VerifyLogo_TC02" time="0.040" classname="com.vtiger.tests.LoginTest"/>
  <testcase name="VerifyInvalidLogin_TC03" time="0.887" classname="com.vtiger.tests.LoginTest"/>
</testsuite> <!-- com.vtiger.tests.LoginTest -->
