<?xml version="1.0" encoding="UTF-8"?>
<!-- Generated by org.testng.reporters.JUnitReportReporter -->
<testsuite skipped="0" hostname="DESKTOP-49NHNE2" name="com.vtiger.tests.LeadTest" tests="1" failures="0" timestamp="07 Sep 2019 07:10:37 GMT" time="46.838" errors="0">
  <testcase name="VerifyLeadMadatory_TC06" time="46.838" classname="com.vtiger.tests.LeadTest"/>
</testsuite> <!-- com.vtiger.tests.LeadTest -->
